<?xml version="1.0" encoding="UTF-8"?>
<testng-results skipped="0" failed="2" ignored="0" total="2" passed="0">
  <reporter-output>
  </reporter-output>
  <suite name="Default suite" duration-ms="67510" started-at="2019-09-11T05:33:06Z" finished-at="2019-09-11T05:34:13Z">
    <groups>
    </groups>
    <test name="Default test" duration-ms="67510" started-at="2019-09-11T05:33:06Z" finished-at="2019-09-11T05:34:13Z">
      <class name="com.test.tests.GoogleTest">
        <test-method status="PASS" signature="beforeSuite()[pri:0, instance:com.test.tests.GoogleTest@3043fe0e]" name="beforeSuite" is-config="true" duration-ms="30182" started-at="2019-09-11T05:32:36Z" finished-at="2019-09-11T05:33:06Z">
          <reporter-output>
          </reporter-output>
        </test-method> <!-- beforeSuite -->
        <test-method status="PASS" signature="beforeMethod()[pri:0, instance:com.test.tests.GoogleTest@3043fe0e]" name="beforeMethod" is-config="true" duration-ms="3326" started-at="2019-09-11T05:33:07Z" finished-at="2019-09-11T05:33:10Z">
          <reporter-output>
          </reporter-output>
        </test-method> <!-- beforeMethod -->
        <test-method status="FAIL" signature="sampleTest(java.util.HashMap)[pri:0, instance:com.test.tests.GoogleTest@3043fe0e]" name="sampleTest" duration-ms="31471" started-at="2019-09-11T05:33:10Z" finished-at="2019-09-11T05:33:41Z">
          <params>
            <param index="0">
              <value>
                <![CDATA[{SearchKey=test, TestName=TC001, RunMode=Y}]]>
              </value>
            </param>
          </params>
          <exception class="java.lang.NullPointerException">
            <full-stacktrace>
              <![CDATA[java.lang.NullPointerException
at java.lang.String.contains(String.java:2133)
at com.test.pages.GoogleHomePage.searchAndVerify(GoogleHomePage.java:26)
at com.test.tests.GoogleTest.sampleTest(GoogleTest.java:20)
at sun.reflect.NativeMethodAccessorImpl.invoke0(Native Method)
at sun.reflect.NativeMethodAccessorImpl.invoke(NativeMethodAccessorImpl.java:62)
at sun.reflect.DelegatingMethodAccessorImpl.invoke(DelegatingMethodAccessorImpl.java:43)
at java.lang.reflect.Method.invoke(Method.java:498)
at org.testng.internal.MethodInvocationHelper.invokeMethod(MethodInvocationHelper.java:124)
at org.testng.internal.Invoker.invokeMethod(Invoker.java:583)
at org.testng.internal.Invoker.invokeTestMethod(Invoker.java:719)
at org.testng.internal.Invoker.invokeTestMethods(Invoker.java:989)
at org.testng.internal.TestMethodWorker.invokeTestMethods(TestMethodWorker.java:125)
at org.testng.internal.TestMethodWorker.run(TestMethodWorker.java:109)
at org.testng.TestRunner.privateRun(TestRunner.java:648)
at org.testng.TestRunner.run(TestRunner.java:505)
at org.testng.SuiteRunner.runTest(SuiteRunner.java:455)
at org.testng.SuiteRunner.runSequentially(SuiteRunner.java:450)
at org.testng.SuiteRunner.privateRun(SuiteRunner.java:415)
at org.testng.SuiteRunner.run(SuiteRunner.java:364)
at org.testng.SuiteRunnerWorker.runSuite(SuiteRunnerWorker.java:52)
at org.testng.SuiteRunnerWorker.run(SuiteRunnerWorker.java:84)
at org.testng.TestNG.runSuitesSequentially(TestNG.java:1208)
at org.testng.TestNG.runSuitesLocally(TestNG.java:1137)
at org.testng.TestNG.runSuites(TestNG.java:1049)
at org.testng.TestNG.run(TestNG.java:1017)
at org.testng.remote.AbstractRemoteTestNG.run(AbstractRemoteTestNG.java:115)
at org.testng.remote.RemoteTestNG.initAndRun(RemoteTestNG.java:251)
at org.testng.remote.RemoteTestNG.main(RemoteTestNG.java:77)
]]>
            </full-stacktrace>
          </exception> <!-- java.lang.NullPointerException -->
          <reporter-output>
          </reporter-output>
        </test-method> <!-- sampleTest -->
        <test-method status="PASS" signature="afterMethod()[pri:0, instance:com.test.tests.GoogleTest@3043fe0e]" name="afterMethod" is-config="true" duration-ms="159" started-at="2019-09-11T05:33:41Z" finished-at="2019-09-11T05:33:42Z">
          <reporter-output>
          </reporter-output>
        </test-method> <!-- afterMethod -->
        <test-method status="PASS" signature="beforeMethod()[pri:0, instance:com.test.tests.GoogleTest@3043fe0e]" name="beforeMethod" is-config="true" duration-ms="1038" started-at="2019-09-11T05:33:42Z" finished-at="2019-09-11T05:33:43Z">
          <reporter-output>
          </reporter-output>
        </test-method> <!-- beforeMethod -->
        <test-method status="FAIL" signature="sampleTest(java.util.HashMap)[pri:0, instance:com.test.tests.GoogleTest@3043fe0e]" name="sampleTest" duration-ms="30758" started-at="2019-09-11T05:33:43Z" finished-at="2019-09-11T05:34:13Z">
          <params>
            <param index="0">
              <value>
                <![CDATA[{SearchKey=selenium, TestName=TC002, RunMode=N}]]>
              </value>
            </param>
          </params>
          <exception class="java.lang.NullPointerException">
            <full-stacktrace>
              <![CDATA[java.lang.NullPointerException
at java.lang.String.contains(String.java:2133)
at com.test.pages.GoogleHomePage.searchAndVerify(GoogleHomePage.java:26)
at com.test.tests.GoogleTest.sampleTest(GoogleTest.java:20)
at sun.reflect.NativeMethodAccessorImpl.invoke0(Native Method)
at sun.reflect.NativeMethodAccessorImpl.invoke(NativeMethodAccessorImpl.java:62)
at sun.reflect.DelegatingMethodAccessorImpl.invoke(DelegatingMethodAccessorImpl.java:43)
at java.lang.reflect.Method.invoke(Method.java:498)
at org.testng.internal.MethodInvocationHelper.invokeMethod(MethodInvocationHelper.java:124)
at org.testng.internal.Invoker.invokeMethod(Invoker.java:583)
at org.testng.internal.Invoker.invokeTestMethod(Invoker.java:719)
at org.testng.internal.Invoker.invokeTestMethods(Invoker.java:989)
at org.testng.internal.TestMethodWorker.invokeTestMethods(TestMethodWorker.java:125)
at org.testng.internal.TestMethodWorker.run(TestMethodWorker.java:109)
at org.testng.TestRunner.privateRun(TestRunner.java:648)
at org.testng.TestRunner.run(TestRunner.java:505)
at org.testng.SuiteRunner.runTest(SuiteRunner.java:455)
at org.testng.SuiteRunner.runSequentially(SuiteRunner.java:450)
at org.testng.SuiteRunner.privateRun(SuiteRunner.java:415)
at org.testng.SuiteRunner.run(SuiteRunner.java:364)
at org.testng.SuiteRunnerWorker.runSuite(SuiteRunnerWorker.java:52)
at org.testng.SuiteRunnerWorker.run(SuiteRunnerWorker.java:84)
at org.testng.TestNG.runSuitesSequentially(TestNG.java:1208)
at org.testng.TestNG.runSuitesLocally(TestNG.java:1137)
at org.testng.TestNG.runSuites(TestNG.java:1049)
at org.testng.TestNG.run(TestNG.java:1017)
at org.testng.remote.AbstractRemoteTestNG.run(AbstractRemoteTestNG.java:115)
at org.testng.remote.RemoteTestNG.initAndRun(RemoteTestNG.java:251)
at org.testng.remote.RemoteTestNG.main(RemoteTestNG.java:77)
]]>
            </full-stacktrace>
          </exception> <!-- java.lang.NullPointerException -->
          <reporter-output>
          </reporter-output>
        </test-method> <!-- sampleTest -->
        <test-method status="PASS" signature="afterMethod()[pri:0, instance:com.test.tests.GoogleTest@3043fe0e]" name="afterMethod" is-config="true" duration-ms="146" started-at="2019-09-11T05:34:13Z" finished-at="2019-09-11T05:34:13Z">
          <reporter-output>
          </reporter-output>
        </test-method> <!-- afterMethod -->
        <test-method status="PASS" signature="afterSuite()[pri:0, instance:com.test.tests.GoogleTest@3043fe0e]" name="afterSuite" is-config="true" duration-ms="363" started-at="2019-09-11T05:34:44Z" finished-at="2019-09-11T05:34:44Z">
          <reporter-output>
          </reporter-output>
        </test-method> <!-- afterSuite -->
      </class> <!-- com.test.tests.GoogleTest -->
    </test> <!-- Default test -->
  </suite> <!-- Default suite -->
</testng-results>
